{
  "stats": {
    "suites": 4,
    "tests": 3,
    "passes": 3,
    "pending": 0,
    "failures": 0,
    "start": "2019-01-31T03:09:35.331Z",
    "end": "2019-01-31T03:09:35.348Z",
    "duration": 17,
    "testsRegistered": 3,
    "passPercent": 100,
    "pendingPercent": 0,
    "other": 0,
    "hasOther": false,
    "skipped": 0,
    "hasSkipped": false,
    "passPercentClass": "success",
    "pendingPercentClass": "danger"
  },
  "suites": {
    "uuid": "7b6094c5-8c0a-470e-acc7-baa61f85f603",
    "title": "",
    "fullFile": "",
    "file": "",
    "beforeHooks": [],
    "afterHooks": [],
    "tests": [],
    "suites": [
      {
        "uuid": "537fb686-c6ba-409d-8afb-589731883c15",
        "title": "Array",
        "fullFile": "/home/travis/build/borenXue/webpack-alioss-plugin/test/index.js",
        "file": "/test/index.js",
        "beforeHooks": [],
        "afterHooks": [],
        "tests": [],
        "suites": [
          {
            "uuid": "acec2f82-f766-4f23-b9b6-d177ea3963d6",
            "title": "#calc-config",
            "fullFile": "/home/travis/build/borenXue/webpack-alioss-plugin/test/index.js",
            "file": "/test/index.js",
            "beforeHooks": [],
            "afterHooks": [],
            "tests": [
              {
                "title": "用户参数、默认参数合并: 用户设置所有选项 - 不使用环境变量",
                "fullTitle": "Array #calc-config 用户参数、默认参数合并: 用户设置所有选项 - 不使用环境变量",
                "timedOut": false,
                "duration": 3,
                "state": "passed",
                "speed": "fast",
                "pass": true,
                "fail": false,
                "pending": false,
                "code": "var plugin = new WebpackAliOSSPlugin(config);\nassert(_.isEqual(plugin.config, config), message);",
                "err": {},
                "isRoot": false,
                "uuid": "4d2a90a6-4c4d-46a4-938e-8071c029b853",
                "isHook": false,
                "skipped": false
              }
            ],
            "suites": [],
            "passes": [
              "4d2a90a6-4c4d-46a4-938e-8071c029b853"
            ],
            "failures": [],
            "pending": [],
            "skipped": [],
            "duration": 3,
            "root": false,
            "rootEmpty": false,
            "_timeout": 2000
          },
          {
            "uuid": "b59dfefe-8c59-4ef3-b031-6eca42caf08d",
            "title": "#calc-config",
            "fullFile": "/home/travis/build/borenXue/webpack-alioss-plugin/test/index.js",
            "file": "/test/index.js",
            "beforeHooks": [],
            "afterHooks": [],
            "tests": [
              {
                "title": "用户参数、环境变量、默认参数合并: auth.region 使用环境变量",
                "fullTitle": "Array #calc-config 用户参数、环境变量、默认参数合并: auth.region 使用环境变量",
                "timedOut": false,
                "duration": 1,
                "state": "passed",
                "speed": "fast",
                "pass": true,
                "fail": false,
                "pending": false,
                "code": "var cfg = _.cloneDeep(config);\ndelete cfg.auth.region;\nprocess.env.WEBPACK_ALIOSS_PLUGIN_REGION = '004';\nvar plugin = new WebpackAliOSSPlugin(cfg);\ncfg.auth.region = '004';\nassert(_.isEqual(plugin.config, cfg), message);",
                "err": {},
                "isRoot": false,
                "uuid": "09768b6b-66d1-4fb8-8dfe-a33e85ec6731",
                "isHook": false,
                "skipped": false
              }
            ],
            "suites": [],
            "passes": [
              "09768b6b-66d1-4fb8-8dfe-a33e85ec6731"
            ],
            "failures": [],
            "pending": [],
            "skipped": [],
            "duration": 1,
            "root": false,
            "rootEmpty": false,
            "_timeout": 2000
          },
          {
            "uuid": "41882327-7b89-491f-9c04-e07fe5566ff0",
            "title": "#calc-config",
            "fullFile": "/home/travis/build/borenXue/webpack-alioss-plugin/test/index.js",
            "file": "/test/index.js",
            "beforeHooks": [],
            "afterHooks": [],
            "tests": [
              {
                "title": "环境变量、默认参数合并: auth.region 使用环境变量",
                "fullTitle": "Array #calc-config 环境变量、默认参数合并: auth.region 使用环境变量",
                "timedOut": false,
                "duration": 1,
                "state": "passed",
                "speed": "fast",
                "pass": true,
                "fail": false,
                "pending": false,
                "code": "process.env.WEBPACK_ALIOSS_PLUGIN_ACCESS_KEY_ID = '001';\nprocess.env.WEBPACK_ALIOSS_PLUGIN_ACCESS_KEY_SECRET = '002';\nprocess.env.WEBPACK_ALIOSS_PLUGIN_BUCKET = '003';\nprocess.env.WEBPACK_ALIOSS_PLUGIN_REGION = '004';\nprocess.env.WEBPACK_ALIOSS_PLUGIN_ENABLE_LOG = true;\nprocess.env.WEBPACK_ALIOSS_PLUGIN_IGNORE_ERROR = true;\nprocess.env.WEBPACK_ALIOSS_PLUGIN_REMOVE_MODE = false;\nprocess.env.WEBPACK_ALIOSS_PLUGIN_PREFIX = 'aa';\nprocess.env.WEBPACK_ALIOSS_PLUGIN_EXCLUDE = /aa.*/;\nvar plugin = new WebpackAliOSSPlugin({\n  options: 'a',\n  exclude: /aa.*/\n});\nassert(_.isEqual(plugin.config, config), message);",
                "err": {},
                "isRoot": false,
                "uuid": "299f4b61-76eb-499a-affe-fbcbca733a37",
                "isHook": false,
                "skipped": false
              }
            ],
            "suites": [],
            "passes": [
              "299f4b61-76eb-499a-affe-fbcbca733a37"
            ],
            "failures": [],
            "pending": [],
            "skipped": [],
            "duration": 1,
            "root": false,
            "rootEmpty": false,
            "_timeout": 2000
          }
        ],
        "passes": [],
        "failures": [],
        "pending": [],
        "skipped": [],
        "duration": 0,
        "root": false,
        "rootEmpty": false,
        "_timeout": 2000
      }
    ],
    "passes": [],
    "failures": [],
    "pending": [],
    "skipped": [],
    "duration": 0,
    "root": true,
    "rootEmpty": true,
    "_timeout": 2000
  },
  "copyrightYear": 2019
}