{
  "stats": {
    "suites": 7,
    "tests": 6,
    "passes": 6,
    "pending": 0,
    "failures": 0,
    "start": "2020-04-28T01:25:11.349Z",
    "end": "2020-04-28T01:25:11.407Z",
    "duration": 58,
    "testsRegistered": 6,
    "passPercent": 100,
    "pendingPercent": 0,
    "other": 0,
    "hasOther": false,
    "skipped": 0,
    "hasSkipped": false,
    "passPercentClass": "success",
    "pendingPercentClass": "danger"
  },
  "suites": {
    "uuid": "1cec9430-5a8b-4e92-85a1-df2025b9a670",
    "title": "",
    "fullFile": "",
    "file": "",
    "beforeHooks": [],
    "afterHooks": [],
    "tests": [],
    "suites": [
      {
        "uuid": "f7d77e8b-6d1f-4b50-bcd7-626b6ecbbb61",
        "title": "参数初始化",
        "fullFile": "/home/travis/build/borenXue/webpack-alioss-plugin/test/index.js",
        "file": "/test/index.js",
        "beforeHooks": [],
        "afterHooks": [],
        "tests": [],
        "suites": [
          {
            "uuid": "53139d75-ad00-4d4b-8b51-35c3526bda52",
            "title": "#calc-config",
            "fullFile": "/home/travis/build/borenXue/webpack-alioss-plugin/test/index.js",
            "file": "/test/index.js",
            "beforeHooks": [],
            "afterHooks": [],
            "tests": [
              {
                "title": "用户参数、默认参数合并: 用户设置所有选项 - 不使用环境变量",
                "fullTitle": "参数初始化 #calc-config 用户参数、默认参数合并: 用户设置所有选项 - 不使用环境变量",
                "timedOut": false,
                "duration": 13,
                "state": "passed",
                "speed": "fast",
                "pass": true,
                "fail": false,
                "pending": false,
                "code": "clearEnv();\nvar plugin = new WebpackAliOSSPlugin(config);\nassert(_.isEqual(plugin.config, config), message);",
                "err": {},
                "isRoot": false,
                "uuid": "e3c51321-8154-4aa8-92f6-22068a24cd96",
                "isHook": false,
                "skipped": false
              }
            ],
            "suites": [],
            "passes": [
              "e3c51321-8154-4aa8-92f6-22068a24cd96"
            ],
            "failures": [],
            "pending": [],
            "skipped": [],
            "duration": 13,
            "root": false,
            "rootEmpty": false,
            "_timeout": 2000
          },
          {
            "uuid": "b0d5c012-cc1c-41b3-8664-fd51a6b94382",
            "title": "#calc-config",
            "fullFile": "/home/travis/build/borenXue/webpack-alioss-plugin/test/index.js",
            "file": "/test/index.js",
            "beforeHooks": [],
            "afterHooks": [],
            "tests": [
              {
                "title": "用户参数、环境变量、默认参数合并: auth.region 使用环境变量",
                "fullTitle": "参数初始化 #calc-config 用户参数、环境变量、默认参数合并: auth.region 使用环境变量",
                "timedOut": false,
                "duration": 2,
                "state": "passed",
                "speed": "fast",
                "pass": true,
                "fail": false,
                "pending": false,
                "code": "clearEnv();\nvar cfg = _.cloneDeep(config);\ndelete cfg.auth.region;\nprocess.env.WEBPACK_ALIOSS_PLUGIN_REGION = '004';\nvar plugin = new WebpackAliOSSPlugin(cfg);\ncfg.auth.region = '004';\nassert(_.isEqual(plugin.config, cfg), message);",
                "err": {},
                "isRoot": false,
                "uuid": "f6e66c64-63c1-4668-bd17-2da641fc38c1",
                "isHook": false,
                "skipped": false
              }
            ],
            "suites": [],
            "passes": [
              "f6e66c64-63c1-4668-bd17-2da641fc38c1"
            ],
            "failures": [],
            "pending": [],
            "skipped": [],
            "duration": 2,
            "root": false,
            "rootEmpty": false,
            "_timeout": 2000
          },
          {
            "uuid": "d330532a-6993-42fa-b970-1456854326f6",
            "title": "#calc-config",
            "fullFile": "/home/travis/build/borenXue/webpack-alioss-plugin/test/index.js",
            "file": "/test/index.js",
            "beforeHooks": [],
            "afterHooks": [],
            "tests": [
              {
                "title": "环境变量、默认参数合并: auth.region 使用环境变量",
                "fullTitle": "参数初始化 #calc-config 环境变量、默认参数合并: auth.region 使用环境变量",
                "timedOut": false,
                "duration": 10,
                "state": "passed",
                "speed": "fast",
                "pass": true,
                "fail": false,
                "pending": false,
                "code": "clearEnv();\nprocess.env.WEBPACK_ALIOSS_PLUGIN_ACCESS_KEY_ID = '001';\nprocess.env.WEBPACK_ALIOSS_PLUGIN_ACCESS_KEY_SECRET = '002';\nprocess.env.WEBPACK_ALIOSS_PLUGIN_BUCKET = '003';\nprocess.env.WEBPACK_ALIOSS_PLUGIN_REGION = '004';\nprocess.env.WEBPACK_ALIOSS_PLUGIN_ENABLE_LOG = true;\nprocess.env.WEBPACK_ALIOSS_PLUGIN_IGNORE_ERROR = true;\nprocess.env.WEBPACK_ALIOSS_PLUGIN_REMOVE_MODE = false;\nprocess.env.WEBPACK_ALIOSS_PLUGIN_PREFIX = 'aa';\nprocess.env.WEBPACK_ALIOSS_PLUGIN_EXCLUDE = /aa.*/;\nvar plugin = new WebpackAliOSSPlugin({\n  options: 'a',\n  exclude: /aa.*/,\n  ossBaseDir: 'auto_upload_ci',\n  project: ''\n});\nassert(_.isEqual(plugin.config, config), message);",
                "err": {},
                "isRoot": false,
                "uuid": "c9b6cfcb-3a3d-4128-b589-bfc298a8e45a",
                "isHook": false,
                "skipped": false
              }
            ],
            "suites": [],
            "passes": [
              "c9b6cfcb-3a3d-4128-b589-bfc298a8e45a"
            ],
            "failures": [],
            "pending": [],
            "skipped": [],
            "duration": 10,
            "root": false,
            "rootEmpty": false,
            "_timeout": 2000
          },
          {
            "uuid": "34cae170-8270-4cc6-9ee6-dfab3364e90d",
            "title": "#npmProjectName",
            "fullFile": "/home/travis/build/borenXue/webpack-alioss-plugin/test/index.js",
            "file": "/test/index.js",
            "beforeHooks": [],
            "afterHooks": [],
            "tests": [
              {
                "title": "提取 npm 包名",
                "fullTitle": "参数初始化 #npmProjectName 提取 npm 包名",
                "timedOut": false,
                "duration": 1,
                "state": "passed",
                "speed": "fast",
                "pass": true,
                "fail": false,
                "pending": false,
                "code": "clearEnv();\nprocess.env.WEBPACK_ALIOSS_PLUGIN_ACCESS_KEY_ID = '001';\nprocess.env.WEBPACK_ALIOSS_PLUGIN_ACCESS_KEY_SECRET = '002';\nprocess.env.WEBPACK_ALIOSS_PLUGIN_BUCKET = '003';\nprocess.env.WEBPACK_ALIOSS_PLUGIN_REGION = '004';\nvar plugin = new WebpackAliOSSPlugin({});\nassert(_.isEqual(plugin.npmProjectName(), 'webpack-alioss-plugin'));",
                "err": {},
                "isRoot": false,
                "uuid": "7e39d23b-199e-4214-a3b1-f85a2542309e",
                "isHook": false,
                "skipped": false
              }
            ],
            "suites": [],
            "passes": [
              "7e39d23b-199e-4214-a3b1-f85a2542309e"
            ],
            "failures": [],
            "pending": [],
            "skipped": [],
            "duration": 1,
            "root": false,
            "rootEmpty": false,
            "_timeout": 2000
          },
          {
            "uuid": "f0b3993e-6ca3-4c91-9dc3-e3aa397b550b",
            "title": "#calc-config",
            "fullFile": "/home/travis/build/borenXue/webpack-alioss-plugin/test/index.js",
            "file": "/test/index.js",
            "beforeHooks": [],
            "afterHooks": [],
            "tests": [
              {
                "title": "环境变量、默认参数合并: 初始化时不传参, eg: new WebpackAliOSSPlugin()",
                "fullTitle": "参数初始化 #calc-config 环境变量、默认参数合并: 初始化时不传参, eg: new WebpackAliOSSPlugin()",
                "timedOut": false,
                "duration": 1,
                "state": "passed",
                "speed": "fast",
                "pass": true,
                "fail": false,
                "pending": false,
                "code": "clearEnv();\nprocess.env.WEBPACK_ALIOSS_PLUGIN_ACCESS_KEY_ID = '001';\nprocess.env.WEBPACK_ALIOSS_PLUGIN_ACCESS_KEY_SECRET = '002';\nprocess.env.WEBPACK_ALIOSS_PLUGIN_BUCKET = '003';\nprocess.env.WEBPACK_ALIOSS_PLUGIN_REGION = '004';\nprocess.env.WEBPACK_ALIOSS_PLUGIN_OSS_BASE_DIR = 'default_dir';\nvar plugin = new WebpackAliOSSPlugin();\nassert(_.isEqual(plugin.config, {\n  auth: {\n    accessKeyId: '001',\n    accessKeySecret: '002',\n    bucket: '003',\n    region: '004'\n  },\n  retry: 3,\n  existCheck: true,\n  ossBaseDir: 'default_dir',\n  project: 'webpack-alioss-plugin',\n  prefix: '',\n  exclude: /.*\\.html$/,\n  enableLog: false,\n  ignoreError: false,\n  removeMode: true,\n  gzip: true,\n  options: undefined\n}), message);\nassert(_.isEqual(plugin.finalPrefix, 'default_dir/webpack-alioss-plugin'), '-');",
                "err": {},
                "isRoot": false,
                "uuid": "0b42ee7a-0150-4dca-89cd-63c2e9e6db7c",
                "isHook": false,
                "skipped": false
              }
            ],
            "suites": [],
            "passes": [
              "0b42ee7a-0150-4dca-89cd-63c2e9e6db7c"
            ],
            "failures": [],
            "pending": [],
            "skipped": [],
            "duration": 1,
            "root": false,
            "rootEmpty": false,
            "_timeout": 2000
          },
          {
            "uuid": "dd477caf-2bde-4330-856b-cc5ef5c804dc",
            "title": "#finalPrefix 计算",
            "fullFile": "/home/travis/build/borenXue/webpack-alioss-plugin/test/index.js",
            "file": "/test/index.js",
            "beforeHooks": [],
            "afterHooks": [],
            "tests": [
              {
                "title": "环境变量、默认参数合并: 初始化时不传参, eg: new WebpackAliOSSPlugin()",
                "fullTitle": "参数初始化 #finalPrefix 计算 环境变量、默认参数合并: 初始化时不传参, eg: new WebpackAliOSSPlugin()",
                "timedOut": false,
                "duration": 13,
                "state": "passed",
                "speed": "fast",
                "pass": true,
                "fail": false,
                "pending": false,
                "code": "clearEnv();\nprocess.env.WEBPACK_ALIOSS_PLUGIN_ACCESS_KEY_ID = '001';\nprocess.env.WEBPACK_ALIOSS_PLUGIN_ACCESS_KEY_SECRET = '002';\nprocess.env.WEBPACK_ALIOSS_PLUGIN_BUCKET = '003';\nprocess.env.WEBPACK_ALIOSS_PLUGIN_REGION = '004';\nprocess.env.WEBPACK_ALIOSS_PLUGIN_OSS_BASE_DIR = 'default_dir';\nvar plugin = new WebpackAliOSSPlugin();\nassert(_.isEqual(plugin.finalPrefix, 'default_dir/webpack-alioss-plugin'));",
                "err": {},
                "isRoot": false,
                "uuid": "0c99730d-be02-414a-abcc-b31f2c97f52c",
                "isHook": false,
                "skipped": false
              }
            ],
            "suites": [],
            "passes": [
              "0c99730d-be02-414a-abcc-b31f2c97f52c"
            ],
            "failures": [],
            "pending": [],
            "skipped": [],
            "duration": 13,
            "root": false,
            "rootEmpty": false,
            "_timeout": 2000
          }
        ],
        "passes": [],
        "failures": [],
        "pending": [],
        "skipped": [],
        "duration": 0,
        "root": false,
        "rootEmpty": false,
        "_timeout": 2000
      }
    ],
    "passes": [],
    "failures": [],
    "pending": [],
    "skipped": [],
    "duration": 0,
    "root": true,
    "rootEmpty": true,
    "_timeout": 2000
  },
  "copyrightYear": 2020
}